2025-05-15 19:21:57,323 - Unknown user allowed by admin at 2025-05-15 19:21:57
2025-05-15 19:21:57,323 - Unknown user allowed by admin at 2025-05-15 19:21:57
2025-05-15 19:22:03,170 - Unknown user denied by admin at 2025-05-15 19:22:03
2025-05-15 19:22:03,170 - Unknown user denied by admin at 2025-05-15 19:22:03
2025-05-15 19:22:32,616 - Unknown user trying to access. Contacting admin. 2025-05-15 19:22:32
2025-05-15 19:23:32,647 - Unknown user trying to access. Contacting admin. 2025-05-15 19:23:32
2025-05-15 19:24:32,653 - Unknown user trying to access. Contacting admin. 2025-05-15 19:24:32
2025-05-15 19:25:32,661 - Unknown user trying to access. Contacting admin. 2025-05-15 19:25:32
2025-05-15 19:26:32,682 - Unknown user trying to access. Contacting admin. 2025-05-15 19:26:32
2025-05-15 19:27:32,686 - Unknown user trying to access. Contacting admin. 2025-05-15 19:27:32
2025-05-15 19:28:32,740 - Unknown user trying to access. Contacting admin. 2025-05-15 19:28:32
2025-05-15 19:29:06,292 - Unknown unlocked door at 2025-05-15 19:29:06
2025-05-15 19:29:06,389 - Unknown unlocked door at 2025-05-15 19:29:06
2025-05-15 19:29:10,670 - Youssef Elgazar unlocked door at 2025-05-15 19:29:10
2025-05-15 19:29:10,796 - Youssef Elgazar unlocked door at 2025-05-15 19:29:10
2025-05-15 19:29:10,901 - Youssef Elgazar unlocked door at 2025-05-15 19:29:10
2025-05-15 19:29:11,028 - Youssef Elgazar unlocked door at 2025-05-15 19:29:11
2025-05-15 19:29:11,128 - Youssef Elgazar unlocked door at 2025-05-15 19:29:11
2025-05-15 19:29:11,237 - Youssef Elgazar unlocked door at 2025-05-15 19:29:11
2025-05-15 19:29:11,355 - Youssef Elgazar unlocked door at 2025-05-15 19:29:11
2025-05-15 19:29:11,460 - Youssef Elgazar unlocked door at 2025-05-15 19:29:11
2025-05-15 19:29:11,569 - Youssef Elgazar unlocked door at 2025-05-15 19:29:11
2025-05-15 19:29:11,686 - Youssef Elgazar unlocked door at 2025-05-15 19:29:11
2025-05-15 19:29:11,803 - Youssef Elgazar unlocked door at 2025-05-15 19:29:11
2025-05-15 19:29:11,917 - Youssef Elgazar unlocked door at 2025-05-15 19:29:11
2025-05-15 19:29:12,034 - Youssef Elgazar unlocked door at 2025-05-15 19:29:12
2025-05-15 19:29:12,162 - Youssef Elgazar unlocked door at 2025-05-15 19:29:12
2025-05-15 19:29:12,281 - Youssef Elgazar unlocked door at 2025-05-15 19:29:12
2025-05-15 19:29:12,405 - Youssef Elgazar unlocked door at 2025-05-15 19:29:12
2025-05-15 19:29:12,526 - Youssef Elgazar unlocked door at 2025-05-15 19:29:12
2025-05-15 19:29:12,653 - Youssef Elgazar unlocked door at 2025-05-15 19:29:12
2025-05-15 19:29:12,775 - Youssef Elgazar unlocked door at 2025-05-15 19:29:12
2025-05-15 19:29:12,908 - Youssef Elgazar unlocked door at 2025-05-15 19:29:12
2025-05-15 19:29:13,035 - Youssef Elgazar unlocked door at 2025-05-15 19:29:13
2025-05-15 19:29:13,158 - Youssef Elgazar unlocked door at 2025-05-15 19:29:13
2025-05-15 19:29:13,284 - Youssef Elgazar unlocked door at 2025-05-15 19:29:13
2025-05-15 19:29:13,408 - Youssef Elgazar unlocked door at 2025-05-15 19:29:13
2025-05-15 19:29:13,533 - Youssef Elgazar unlocked door at 2025-05-15 19:29:13
2025-05-15 19:29:13,664 - Youssef Elgazar unlocked door at 2025-05-15 19:29:13
2025-05-15 19:29:13,793 - Youssef Elgazar unlocked door at 2025-05-15 19:29:13
2025-05-15 19:29:13,918 - Youssef Elgazar unlocked door at 2025-05-15 19:29:13
2025-05-15 19:29:14,048 - Youssef Elgazar unlocked door at 2025-05-15 19:29:14
2025-05-15 19:29:14,179 - Youssef Elgazar unlocked door at 2025-05-15 19:29:14
2025-05-15 19:29:14,308 - Youssef Elgazar unlocked door at 2025-05-15 19:29:14
2025-05-15 19:29:14,443 - Youssef Elgazar unlocked door at 2025-05-15 19:29:14
2025-05-15 19:29:14,574 - Youssef Elgazar unlocked door at 2025-05-15 19:29:14
2025-05-15 19:29:14,704 - Youssef Elgazar unlocked door at 2025-05-15 19:29:14
2025-05-15 19:29:14,839 - Youssef Elgazar unlocked door at 2025-05-15 19:29:14
2025-05-15 19:29:14,966 - Youssef Elgazar unlocked door at 2025-05-15 19:29:14
2025-05-15 19:29:15,090 - Youssef Elgazar unlocked door at 2025-05-15 19:29:15
2025-05-15 19:29:15,222 - Youssef Elgazar unlocked door at 2025-05-15 19:29:15
2025-05-15 19:29:15,343 - Youssef Elgazar unlocked door at 2025-05-15 19:29:15
2025-05-15 19:29:15,471 - Youssef Elgazar unlocked door at 2025-05-15 19:29:15
2025-05-15 19:29:15,596 - Youssef Elgazar unlocked door at 2025-05-15 19:29:15
2025-05-15 19:29:15,721 - Youssef Elgazar unlocked door at 2025-05-15 19:29:15
2025-05-15 19:29:15,846 - Youssef Elgazar unlocked door at 2025-05-15 19:29:15
2025-05-15 19:29:15,977 - Youssef Elgazar unlocked door at 2025-05-15 19:29:15
2025-05-15 19:29:16,099 - Youssef Elgazar unlocked door at 2025-05-15 19:29:16
2025-05-15 19:29:16,235 - Youssef Elgazar unlocked door at 2025-05-15 19:29:16
2025-05-15 19:29:16,363 - Youssef Elgazar unlocked door at 2025-05-15 19:29:16
2025-05-15 19:29:16,502 - Youssef Elgazar unlocked door at 2025-05-15 19:29:16
2025-05-15 19:29:16,632 - Youssef Elgazar unlocked door at 2025-05-15 19:29:16
2025-05-15 19:29:16,758 - Youssef Elgazar unlocked door at 2025-05-15 19:29:16
2025-05-15 19:29:16,881 - Youssef Elgazar unlocked door at 2025-05-15 19:29:16
2025-05-15 19:29:17,004 - Youssef Elgazar unlocked door at 2025-05-15 19:29:17
2025-05-15 19:29:17,127 - Youssef Elgazar unlocked door at 2025-05-15 19:29:17
2025-05-15 19:29:17,252 - Youssef Elgazar unlocked door at 2025-05-15 19:29:17
2025-05-15 19:29:17,382 - Youssef Elgazar unlocked door at 2025-05-15 19:29:17
2025-05-15 19:29:17,509 - Youssef Elgazar unlocked door at 2025-05-15 19:29:17
2025-05-15 19:29:17,645 - Youssef Elgazar unlocked door at 2025-05-15 19:29:17
2025-05-15 19:29:17,768 - Youssef Elgazar unlocked door at 2025-05-15 19:29:17
2025-05-15 19:29:17,903 - Youssef Elgazar unlocked door at 2025-05-15 19:29:17
2025-05-15 19:29:18,041 - Youssef Elgazar unlocked door at 2025-05-15 19:29:18
2025-05-15 19:29:18,171 - Youssef Elgazar unlocked door at 2025-05-15 19:29:18
2025-05-15 19:29:18,309 - Youssef Elgazar unlocked door at 2025-05-15 19:29:18
2025-05-15 19:29:18,445 - Youssef Elgazar unlocked door at 2025-05-15 19:29:18
2025-05-15 19:29:18,576 - Youssef Elgazar unlocked door at 2025-05-15 19:29:18
2025-05-15 19:29:18,706 - Youssef Elgazar unlocked door at 2025-05-15 19:29:18
2025-05-15 19:29:18,836 - Youssef Elgazar unlocked door at 2025-05-15 19:29:18
2025-05-15 19:29:18,967 - Youssef Elgazar unlocked door at 2025-05-15 19:29:18
2025-05-15 19:29:19,098 - Youssef Elgazar unlocked door at 2025-05-15 19:29:19
2025-05-15 19:29:19,225 - Youssef Elgazar unlocked door at 2025-05-15 19:29:19
2025-05-15 19:29:19,356 - Youssef Elgazar unlocked door at 2025-05-15 19:29:19
2025-05-15 19:29:19,493 - Youssef Elgazar unlocked door at 2025-05-15 19:29:19
2025-05-15 19:29:19,624 - Youssef Elgazar unlocked door at 2025-05-15 19:29:19
2025-05-15 19:29:19,748 - Youssef Elgazar unlocked door at 2025-05-15 19:29:19
2025-05-15 19:29:19,876 - Youssef Elgazar unlocked door at 2025-05-15 19:29:19
2025-05-15 19:29:20,015 - Youssef Elgazar unlocked door at 2025-05-15 19:29:20
2025-05-15 19:29:20,139 - Youssef Elgazar unlocked door at 2025-05-15 19:29:20
2025-05-15 19:29:20,268 - Youssef Elgazar unlocked door at 2025-05-15 19:29:20
2025-05-15 19:29:20,411 - Youssef Elgazar unlocked door at 2025-05-15 19:29:20
2025-05-15 19:29:20,537 - Youssef Elgazar unlocked door at 2025-05-15 19:29:20
2025-05-15 19:29:20,665 - Youssef Elgazar unlocked door at 2025-05-15 19:29:20
2025-05-15 19:29:20,789 - Youssef Elgazar unlocked door at 2025-05-15 19:29:20
2025-05-15 19:29:20,919 - Youssef Elgazar unlocked door at 2025-05-15 19:29:20
2025-05-15 19:29:21,050 - Youssef Elgazar unlocked door at 2025-05-15 19:29:21
2025-05-15 19:29:21,178 - Youssef Elgazar unlocked door at 2025-05-15 19:29:21
2025-05-15 19:29:21,311 - Youssef Elgazar unlocked door at 2025-05-15 19:29:21
2025-05-15 19:29:21,441 - Youssef Elgazar unlocked door at 2025-05-15 19:29:21
2025-05-15 19:29:21,574 - Youssef Elgazar unlocked door at 2025-05-15 19:29:21
2025-05-15 19:29:21,703 - Youssef Elgazar unlocked door at 2025-05-15 19:29:21
2025-05-15 19:29:21,839 - Youssef Elgazar unlocked door at 2025-05-15 19:29:21
2025-05-15 19:29:21,970 - Youssef Elgazar unlocked door at 2025-05-15 19:29:21
2025-05-15 19:29:22,102 - Youssef Elgazar unlocked door at 2025-05-15 19:29:22
2025-05-15 19:29:22,232 - Youssef Elgazar unlocked door at 2025-05-15 19:29:22
2025-05-15 19:29:22,357 - Youssef Elgazar unlocked door at 2025-05-15 19:29:22
2025-05-15 19:29:22,486 - Youssef Elgazar unlocked door at 2025-05-15 19:29:22
2025-05-15 19:29:22,615 - Youssef Elgazar unlocked door at 2025-05-15 19:29:22
2025-05-15 19:29:22,741 - Youssef Elgazar unlocked door at 2025-05-15 19:29:22
2025-05-15 19:29:22,871 - Youssef Elgazar unlocked door at 2025-05-15 19:29:22
2025-05-15 19:29:23,000 - Youssef Elgazar unlocked door at 2025-05-15 19:29:23
2025-05-15 19:29:23,074 - Unknown user allowed by admin at 2025-05-15 19:29:23
2025-05-15 19:29:23,074 - Unknown user allowed by admin at 2025-05-15 19:29:23
2025-05-15 19:29:23,123 - Youssef Elgazar unlocked door at 2025-05-15 19:29:23
2025-05-15 19:29:23,251 - Youssef Elgazar unlocked door at 2025-05-15 19:29:23
2025-05-15 19:29:23,372 - Youssef Elgazar unlocked door at 2025-05-15 19:29:23
2025-05-15 19:29:23,501 - Youssef Elgazar unlocked door at 2025-05-15 19:29:23
2025-05-15 19:29:23,622 - Youssef Elgazar unlocked door at 2025-05-15 19:29:23
2025-05-15 19:29:23,742 - Youssef Elgazar unlocked door at 2025-05-15 19:29:23
2025-05-15 19:29:23,864 - Youssef Elgazar unlocked door at 2025-05-15 19:29:23
2025-05-15 19:29:23,986 - Youssef Elgazar unlocked door at 2025-05-15 19:29:23
2025-05-15 19:29:24,111 - Youssef Elgazar unlocked door at 2025-05-15 19:29:24
2025-05-15 19:29:24,240 - Youssef Elgazar unlocked door at 2025-05-15 19:29:24
2025-05-15 19:29:24,372 - Youssef Elgazar unlocked door at 2025-05-15 19:29:24
2025-05-15 19:29:24,515 - Unknown user denied by admin at 2025-05-15 19:29:24
2025-05-15 19:29:24,516 - Unknown user denied by admin at 2025-05-15 19:29:24
2025-05-15 19:29:24,521 - Youssef Elgazar unlocked door at 2025-05-15 19:29:24
2025-05-15 19:29:24,656 - Youssef Elgazar unlocked door at 2025-05-15 19:29:24
2025-05-15 19:29:24,782 - Youssef Elgazar unlocked door at 2025-05-15 19:29:24
2025-05-15 19:29:24,915 - Youssef Elgazar unlocked door at 2025-05-15 19:29:24
2025-05-15 19:29:25,044 - Youssef Elgazar unlocked door at 2025-05-15 19:29:25
2025-05-15 19:29:25,170 - Youssef Elgazar unlocked door at 2025-05-15 19:29:25
2025-05-15 19:29:25,295 - Youssef Elgazar unlocked door at 2025-05-15 19:29:25
2025-05-15 19:29:25,428 - Youssef Elgazar unlocked door at 2025-05-15 19:29:25
2025-05-15 19:29:25,559 - Youssef Elgazar unlocked door at 2025-05-15 19:29:25
2025-05-15 19:29:25,684 - Youssef Elgazar unlocked door at 2025-05-15 19:29:25
2025-05-15 19:29:25,816 - Youssef Elgazar unlocked door at 2025-05-15 19:29:25
2025-05-15 19:29:25,942 - Youssef Elgazar unlocked door at 2025-05-15 19:29:25
2025-05-15 19:29:26,085 - Youssef Elgazar unlocked door at 2025-05-15 19:29:26
2025-05-15 19:29:26,212 - Youssef Elgazar unlocked door at 2025-05-15 19:29:26
2025-05-15 19:29:26,338 - Youssef Elgazar unlocked door at 2025-05-15 19:29:26
2025-05-15 19:29:26,473 - Youssef Elgazar unlocked door at 2025-05-15 19:29:26
2025-05-15 19:29:26,598 - Youssef Elgazar unlocked door at 2025-05-15 19:29:26
2025-05-15 19:29:26,723 - Youssef Elgazar unlocked door at 2025-05-15 19:29:26
2025-05-15 19:29:26,852 - Youssef Elgazar unlocked door at 2025-05-15 19:29:26
2025-05-15 19:29:26,976 - Youssef Elgazar unlocked door at 2025-05-15 19:29:26
2025-05-15 19:29:27,105 - Youssef Elgazar unlocked door at 2025-05-15 19:29:27
2025-05-15 19:29:27,225 - Youssef Elgazar unlocked door at 2025-05-15 19:29:27
2025-05-15 19:29:27,357 - Youssef Elgazar unlocked door at 2025-05-15 19:29:27
2025-05-15 19:29:27,478 - Youssef Elgazar unlocked door at 2025-05-15 19:29:27
2025-05-15 19:29:27,609 - Youssef Elgazar unlocked door at 2025-05-15 19:29:27
2025-05-15 19:29:27,735 - Youssef Elgazar unlocked door at 2025-05-15 19:29:27
2025-05-15 19:29:27,865 - Youssef Elgazar unlocked door at 2025-05-15 19:29:27
2025-05-15 19:29:27,995 - Youssef Elgazar unlocked door at 2025-05-15 19:29:27
2025-05-15 19:29:28,126 - Youssef Elgazar unlocked door at 2025-05-15 19:29:28
2025-05-15 19:29:28,259 - Youssef Elgazar unlocked door at 2025-05-15 19:29:28
2025-05-15 19:29:28,392 - Youssef Elgazar unlocked door at 2025-05-15 19:29:28
2025-05-15 19:29:28,514 - Youssef Elgazar unlocked door at 2025-05-15 19:29:28
2025-05-15 19:29:28,647 - Youssef Elgazar unlocked door at 2025-05-15 19:29:28
2025-05-15 19:29:28,781 - Youssef Elgazar unlocked door at 2025-05-15 19:29:28
2025-05-15 19:29:28,907 - Youssef Elgazar unlocked door at 2025-05-15 19:29:28
2025-05-15 19:29:29,034 - Youssef Elgazar unlocked door at 2025-05-15 19:29:29
2025-05-15 19:29:29,165 - Youssef Elgazar unlocked door at 2025-05-15 19:29:29
2025-05-15 19:29:29,287 - Youssef Elgazar unlocked door at 2025-05-15 19:29:29
2025-05-15 19:29:29,411 - Youssef Elgazar unlocked door at 2025-05-15 19:29:29
2025-05-15 19:29:29,532 - Youssef Elgazar unlocked door at 2025-05-15 19:29:29
2025-05-15 19:29:29,655 - Youssef Elgazar unlocked door at 2025-05-15 19:29:29
2025-05-15 19:29:29,779 - Youssef Elgazar unlocked door at 2025-05-15 19:29:29
2025-05-15 19:29:29,901 - Youssef Elgazar unlocked door at 2025-05-15 19:29:29
2025-05-15 19:29:30,023 - Youssef Elgazar unlocked door at 2025-05-15 19:29:30
2025-05-15 19:29:30,153 - Youssef Elgazar unlocked door at 2025-05-15 19:29:30
2025-05-15 19:29:30,287 - Youssef Elgazar unlocked door at 2025-05-15 19:29:30
2025-05-15 19:29:30,429 - Youssef Elgazar unlocked door at 2025-05-15 19:29:30
2025-05-15 19:29:30,554 - Youssef Elgazar unlocked door at 2025-05-15 19:29:30
2025-05-15 19:29:30,691 - Youssef Elgazar unlocked door at 2025-05-15 19:29:30
2025-05-15 19:29:30,816 - Youssef Elgazar unlocked door at 2025-05-15 19:29:30
2025-05-15 19:29:30,941 - Youssef Elgazar unlocked door at 2025-05-15 19:29:30
2025-05-15 19:29:31,067 - Youssef Elgazar unlocked door at 2025-05-15 19:29:31
2025-05-15 19:29:31,196 - Youssef Elgazar unlocked door at 2025-05-15 19:29:31
2025-05-15 19:29:31,322 - Youssef Elgazar unlocked door at 2025-05-15 19:29:31
2025-05-15 19:29:31,452 - Youssef Elgazar unlocked door at 2025-05-15 19:29:31
2025-05-15 19:29:31,584 - Youssef Elgazar unlocked door at 2025-05-15 19:29:31
2025-05-15 19:29:31,709 - Youssef Elgazar unlocked door at 2025-05-15 19:29:31
2025-05-15 19:29:31,831 - Youssef Elgazar unlocked door at 2025-05-15 19:29:31
2025-05-15 19:29:31,959 - Youssef Elgazar unlocked door at 2025-05-15 19:29:31
2025-05-15 19:29:32,082 - Youssef Elgazar unlocked door at 2025-05-15 19:29:32
2025-05-15 19:29:32,207 - Youssef Elgazar unlocked door at 2025-05-15 19:29:32
2025-05-15 19:29:32,341 - Youssef Elgazar unlocked door at 2025-05-15 19:29:32
2025-05-15 19:29:32,470 - Youssef Elgazar unlocked door at 2025-05-15 19:29:32
2025-05-15 19:29:32,603 - Youssef Elgazar unlocked door at 2025-05-15 19:29:32
2025-05-15 19:29:32,732 - Youssef Elgazar unlocked door at 2025-05-15 19:29:32
2025-05-15 19:29:32,859 - Youssef Elgazar unlocked door at 2025-05-15 19:29:32
2025-05-15 19:29:32,983 - Youssef Elgazar unlocked door at 2025-05-15 19:29:32
2025-05-15 19:29:33,106 - Youssef Elgazar unlocked door at 2025-05-15 19:29:33
2025-05-15 19:29:33,234 - Youssef Elgazar unlocked door at 2025-05-15 19:29:33
2025-05-15 19:29:33,356 - Youssef Elgazar unlocked door at 2025-05-15 19:29:33
2025-05-15 19:29:33,485 - Youssef Elgazar unlocked door at 2025-05-15 19:29:33
2025-05-15 19:29:33,613 - Youssef Elgazar unlocked door at 2025-05-15 19:29:33
2025-05-15 19:29:33,737 - Youssef Elgazar unlocked door at 2025-05-15 19:29:33
2025-05-15 19:29:33,848 - Unknown user trying to access. Contacting admin. 2025-05-15 19:29:33
2025-05-15 19:29:34,190 - Youssef Elgazar unlocked door at 2025-05-15 19:29:34
2025-05-15 19:29:34,311 - Youssef Elgazar unlocked door at 2025-05-15 19:29:34
2025-05-15 19:29:34,435 - Youssef Elgazar unlocked door at 2025-05-15 19:29:34
2025-05-15 19:29:34,556 - Youssef Elgazar unlocked door at 2025-05-15 19:29:34
2025-05-15 19:29:34,683 - Youssef Elgazar unlocked door at 2025-05-15 19:29:34
2025-05-15 19:29:34,815 - Youssef Elgazar unlocked door at 2025-05-15 19:29:34
2025-05-15 19:29:34,943 - Youssef Elgazar unlocked door at 2025-05-15 19:29:34
2025-05-15 19:29:35,079 - Youssef Elgazar unlocked door at 2025-05-15 19:29:35
2025-05-15 19:29:35,205 - Youssef Elgazar unlocked door at 2025-05-15 19:29:35
2025-05-15 19:29:35,327 - Youssef Elgazar unlocked door at 2025-05-15 19:29:35
2025-05-15 19:29:35,458 - Youssef Elgazar unlocked door at 2025-05-15 19:29:35
2025-05-15 19:29:35,583 - Youssef Elgazar unlocked door at 2025-05-15 19:29:35
2025-05-15 19:29:35,718 - Youssef Elgazar unlocked door at 2025-05-15 19:29:35
2025-05-15 19:29:35,847 - Youssef Elgazar unlocked door at 2025-05-15 19:29:35
2025-05-15 19:29:35,980 - Youssef Elgazar unlocked door at 2025-05-15 19:29:35
2025-05-15 19:29:36,115 - Youssef Elgazar unlocked door at 2025-05-15 19:29:36
2025-05-15 19:29:36,250 - Youssef Elgazar unlocked door at 2025-05-15 19:29:36
2025-05-15 19:29:36,377 - Youssef Elgazar unlocked door at 2025-05-15 19:29:36
2025-05-15 19:29:36,627 - Youssef Elgazar unlocked door at 2025-05-15 19:29:36
2025-05-15 19:29:36,764 - Youssef Elgazar unlocked door at 2025-05-15 19:29:36
